[debug] [2024-08-07T04:21:49.255Z] ----------------------------------------------------------------------
[debug] [2024-08-07T04:21:49.258Z] Command:       C:\Program Files\nodejs\node.exe C:\Program Files\nodejs\node_modules\firebase-tools\lib\bin\firebase.js init
[debug] [2024-08-07T04:21:49.258Z] CLI Version:   13.15.0
[debug] [2024-08-07T04:21:49.258Z] Platform:      win32
[debug] [2024-08-07T04:21:49.259Z] Node Version:  v20.13.1
[debug] [2024-08-07T04:21:49.259Z] Time:          Wed Aug 07 2024 11:21:49 GMT+0700 (Indochina Time)
[debug] [2024-08-07T04:21:49.259Z] ----------------------------------------------------------------------
[debug] 
[debug] [2024-08-07T04:21:49.280Z] > command requires scopes: ["email","openid","https://www.googleapis.com/auth/cloudplatformprojects.readonly","https://www.googleapis.com/auth/firebase","https://www.googleapis.com/auth/cloud-platform"]
[debug] [2024-08-07T04:21:49.280Z] > authorizing via signed-in user (chinawat.dc@gmail.com)
[info] 
     ######## #### ########  ######## ########     ###     ######  ########
     ##        ##  ##     ## ##       ##     ##  ##   ##  ##       ##
     ######    ##  ########  ######   ########  #########  ######  ######
     ##        ##  ##    ##  ##       ##     ## ##     ##       ## ##
     ##       #### ##     ## ######## ########  ##     ##  ######  ########

You're about to initialize a Firebase project in this directory:

  C:\A Star\code\example\example-1-font

Before we get started, keep in mind:

  * You are currently outside your home directory

